# JRE version: OpenJDK Runtime Environment Temurin-17.0.18+8 (17.0.18+8) (build 17.0.18+8)
# Java VM: OpenJDK 64-Bit Server VM Temurin-17.0.18+8 (17.0.18+8, mixed mode, sharing, tiered, compressed oops, compressed class ptrs, serial gc, linux-amd64)
GC Precious Log:
 CPUs: 1 total, 1 available
 Memory: 1964M
 Large Page Support: Disabled
 NUMA Support: Disabled
 Compressed Oops: Enabled (32-bit)
 Heap Min Capacity: 8M
 Heap Initial Capacity: 32M
 Heap Max Capacity: 512M
 Pre-touch: Disabled
Heap:
 def new generation   total 9792K, used 8868K [0x00000000e0000000, 0x00000000e0aa0000, 0x00000000eaaa0000)
  eden space 8704K, 100% used [0x00000000e0000000, 0x00000000e0880000, 0x00000000e0880000)
  from space 1088K,  15% used [0x00000000e0990000, 0x00000000e09b9008, 0x00000000e0aa0000)
  to   space 1088K,  23% used [0x00000000e0880000, 0x00000000e08c08d0, 0x00000000e0990000)
 tenured generation   total 21888K, used 16828K [0x00000000eaaa0000, 0x00000000ec000000, 0x0000000100000000)
   the space 21888K,  76% used [0x00000000eaaa0000, 0x00000000ebb0f368, 0x00000000ebb0f400, 0x00000000ec000000)
 Metaspace       used 18676K, committed 18944K, reserved 1114112K
  class space    used 2472K, committed 2624K, reserved 1048576K
GC Heap History (20 events):
Event: 0.315 GC heap after
{Heap after GC invocations=2 (full 0):
 def new generation   total 9792K, used 1088K [0x00000000e0000000, 0x00000000e0aa0000, 0x00000000eaaa0000)
  eden space 8704K,   0% used [0x00000000e0000000, 0x00000000e0000000, 0x00000000e0880000)
  from space 1088K, 100% used [0x00000000e0880000, 0x00000000e0990000, 0x00000000e0990000)
  to   space 1088K,   0% used [0x00000000e0990000, 0x00000000e0990000, 0x00000000e0aa0000)
 tenured generation   total 21888K, used 7328K [0x00000000eaaa0000, 0x00000000ec000000, 0x0000000100000000)
   the space 21888K,  33% used [0x00000000eaaa0000, 0x00000000eb1c8160, 0x00000000eb1c8200, 0x00000000ec000000)
 Metaspace       used 1595K, committed 1792K, reserved 1114112K
  class space    used 148K, committed 256K, reserved 1048576K
}
Event: 0.623 GC heap before
{Heap before GC invocations=2 (full 0):
 def new generation   total 9792K, used 9792K [0x00000000e0000000, 0x00000000e0aa0000, 0x00000000eaaa0000)
  eden space 8704K, 100% used [0x00000000e0000000, 0x00000000e0880000, 0x00000000e0880000)
  from space 1088K, 100% used [0x00000000e0880000, 0x00000000e0990000, 0x00000000e0990000)
  to   space 1088K,   0% used [0x00000000e0990000, 0x00000000e0990000, 0x00000000e0aa0000)
 tenured generation   total 21888K, used 7328K [0x00000000eaaa0000, 0x00000000ec000000, 0x0000000100000000)
   the space 21888K,  33% used [0x00000000eaaa0000, 0x00000000eb1c8160, 0x00000000eb1c8200, 0x00000000ec000000)
 Metaspace       used 4619K, committed 4800K, reserved 1114112K
  class space    used 579K, committed 704K, reserved 1048576K
}
Event: 0.628 GC heap after
{Heap after GC invocations=3 (full 0):
 def new generation   total 9792K, used 1088K [0x00000000e0000000, 0x00000000e0aa0000, 0x00000000eaaa0000)
  eden space 8704K,   0% used [0x00000000e0000000, 0x00000000e0000000, 0x00000000e0880000)
  from space 1088K, 100% used [0x00000000e0990000, 0x00000000e0aa0000, 0x00000000e0aa0000)
  to   space 1088K,   0% used [0x00000000e0880000, 0x00000000e0880000, 0x00000000e0990000)
 tenured generation   total 21888K, used 10174K [0x00000000eaaa0000, 0x00000000ec000000, 0x0000000100000000)
   the space 21888K,  46% used [0x00000000eaaa0000, 0x00000000eb48f980, 0x00000000eb48fa00, 0x00000000ec000000)
 Metaspace       used 4619K, committed 4800K, reserved 1114112K
  class space    used 579K, committed 704K, reserved 1048576K
}
Event: 1.246 GC heap before
{Heap before GC invocations=3 (full 0):
 def new generation   total 9792K, used 9792K [0x00000000e0000000, 0x00000000e0aa0000, 0x00000000eaaa0000)
  eden space 8704K, 100% used [0x00000000e0000000, 0x00000000e0880000, 0x00000000e0880000)
  from space 1088K, 100% used [0x00000000e0990000, 0x00000000e0aa0000, 0x00000000e0aa0000)
  to   space 1088K,   0% used [0x00000000e0880000, 0x00000000e0880000, 0x00000000e0990000)
 tenured generation   total 21888K, used 10174K [0x00000000eaaa0000, 0x00000000ec000000, 0x0000000100000000)
   the space 21888K,  46% used [0x00000000eaaa0000, 0x00000000eb48f980, 0x00000000eb48fa00, 0x00000000ec000000)
 Metaspace       used 6846K, committed 6976K, reserved 1114112K
  class space    used 831K, committed 896K, reserved 1048576K
}
Event: 1.250 GC heap after
{Heap after GC invocations=4 (full 0):
 def new generation   total 9792K, used 456K [0x00000000e0000000, 0x00000000e0aa0000, 0x00000000eaaa0000)
  eden space 8704K,   0% used [0x00000000e0000000, 0x00000000e0000000, 0x00000000e0880000)
  from space 1088K,  41% used [0x00000000e0880000, 0x00000000e08f2078, 0x00000000e0990000)
  to   space 1088K,   0% used [0x00000000e0990000, 0x00000000e0990000, 0x00000000e0aa0000)
 tenured generation   total 21888K, used 11237K [0x00000000eaaa0000, 0x00000000ec000000, 0x0000000100000000)
   the space 21888K,  51% used [0x00000000eaaa0000, 0x00000000eb599580, 0x00000000eb599600, 0x00000000ec000000)
 Metaspace       used 6846K, committed 6976K, reserved 1114112K
  class space    used 831K, committed 896K, reserved 1048576K
}
Event: 1.745 GC heap before
{Heap before GC invocations=4 (full 0):
 def new generation   total 9792K, used 9160K [0x00000000e0000000, 0x00000000e0aa0000, 0x00000000eaaa0000)
  eden space 8704K, 100% used [0x00000000e0000000, 0x00000000e0880000, 0x00000000e0880000)
  from space 1088K,  41% used [0x00000000e0880000, 0x00000000e08f2078, 0x00000000e0990000)
  to   space 1088K,   0% used [0x00000000e0990000, 0x00000000e0990000, 0x00000000e0aa0000)
 tenured generation   total 21888K, used 11237K [0x00000000eaaa0000, 0x00000000ec000000, 0x0000000100000000)
   the space 21888K,  51% used [0x00000000eaaa0000, 0x00000000eb599580, 0x00000000eb599600, 0x00000000ec000000)
 Metaspace       used 8370K, committed 8576K, reserved 1114112K
  class space    used 1032K, committed 1152K, reserved 1048576K
}
Event: 1.748 GC heap after
{Heap after GC invocations=5 (full 0):
 def new generation   total 9792K, used 1070K [0x00000000e0000000, 0x00000000e0aa0000, 0x00000000eaaa0000)
  eden space 8704K,   0% used [0x00000000e0000000, 0x00000000e0000000, 0x00000000e0880000)
  from space 1088K,  98% used [0x00000000e0990000, 0x00000000e0a9bb78, 0x00000000e0aa0000)
  to   space 1088K,   0% used [0x00000000e0880000, 0x00000000e0880000, 0x00000000e0990000)
 tenured generation   total 21888K, used 11237K [0x00000000eaaa0000, 0x00000000ec000000, 0x0000000100000000)
   the space 21888K,  51% used [0x00000000eaaa0000, 0x00000000eb599580, 0x00000000eb599600, 0x00000000ec000000)
 Metaspace       used 8370K, committed 8576K, reserved 1114112K
  class space    used 1032K, committed 1152K, reserved 1048576K
}
Event: 2.431 GC heap before
{Heap before GC invocations=5 (full 0):
 def new generation   total 9792K, used 9774K [0x00000000e0000000, 0x00000000e0aa0000, 0x00000000eaaa0000)
  eden space 8704K, 100% used [0x00000000e0000000, 0x00000000e0880000, 0x00000000e0880000)
  from space 1088K,  98% used [0x00000000e0990000, 0x00000000e0a9bb78, 0x00000000e0aa0000)
  to   space 1088K,   0% used [0x00000000e0880000, 0x00000000e0880000, 0x00000000e0990000)
 tenured generation   total 21888K, used 11237K [0x00000000eaaa0000, 0x00000000ec000000, 0x0000000100000000)
   the space 21888K,  51% used [0x00000000eaaa0000, 0x00000000eb599580, 0x00000000eb599600, 0x00000000ec000000)
 Metaspace       used 9499K, committed 9728K, reserved 1114112K
  class space    used 1158K, committed 1280K, reserved 1048576K
}
Event: 2.435 GC heap after
{Heap after GC invocations=6 (full 0):
 def new generation   total 9792K, used 1088K [0x00000000e0000000, 0x00000000e0aa0000, 0x00000000eaaa0000)
  eden space 8704K,   0% used [0x00000000e0000000, 0x00000000e0000000, 0x00000000e0880000)
  from space 1088K, 100% used [0x00000000e0880000, 0x00000000e0990000, 0x00000000e0990000)
  to   space 1088K,   0% used [0x00000000e0990000, 0x00000000e0990000, 0x00000000e0aa0000)
 tenured generation   total 21888K, used 12335K [0x00000000eaaa0000, 0x00000000ec000000, 0x0000000100000000)
   the space 21888K,  56% used [0x00000000eaaa0000, 0x00000000eb6abc00, 0x00000000eb6abc00, 0x00000000ec000000)
 Metaspace       used 9499K, committed 9728K, reserved 1114112K
  class space    used 1158K, committed 1280K, reserved 1048576K
}
Event: 2.600 GC heap before
{Heap before GC invocations=6 (full 0):
 def new generation   total 9792K, used 9792K [0x00000000e0000000, 0x00000000e0aa0000, 0x00000000eaaa0000)
  eden space 8704K, 100% used [0x00000000e0000000, 0x00000000e0880000, 0x00000000e0880000)
  from space 1088K, 100% used [0x00000000e0880000, 0x00000000e0990000, 0x00000000e0990000)
  to   space 1088K,   0% used [0x00000000e0990000, 0x00000000e0990000, 0x00000000e0aa0000)
 tenured generation   total 21888K, used 12335K [0x00000000eaaa0000, 0x00000000ec000000, 0x0000000100000000)
   the space 21888K,  56% used [0x00000000eaaa0000, 0x00000000eb6abc00, 0x00000000eb6abc00, 0x00000000ec000000)
 Metaspace       used 9640K, committed 9856K, reserved 1114112K
  class space    used 1158K, committed 1280K, reserved 1048576K
}
Event: 2.603 GC heap after
{Heap after GC invocations=7 (full 0):
 def new generation   total 9792K, used 791K [0x00000000e0000000, 0x00000000e0aa0000, 0x00000000eaaa0000)
  eden space 8704K,   0% used [0x00000000e0000000, 0x00000000e0000000, 0x00000000e0880000)
  from space 1088K,  72% used [0x00000000e0990000, 0x00000000e0a55ee8, 0x00000000e0aa0000)
  to   space 1088K,   0% used [0x00000000e0880000, 0x00000000e0880000, 0x00000000e0990000)
 tenured generation   total 21888K, used 13392K [0x00000000eaaa0000, 0x00000000ec000000, 0x0000000100000000)
   the space 21888K,  61% used [0x00000000eaaa0000, 0x00000000eb7b41a0, 0x00000000eb7b4200, 0x00000000ec000000)
 Metaspace       used 9640K, committed 9856K, reserved 1114112K
  class space    used 1158K, committed 1280K, reserved 1048576K
}
Event: 2.909 GC heap before
{Heap before GC invocations=7 (full 0):
 def new generation   total 9792K, used 9495K [0x00000000e0000000, 0x00000000e0aa0000, 0x00000000eaaa0000)
  eden space 8704K, 100% used [0x00000000e0000000, 0x00000000e0880000, 0x00000000e0880000)
  from space 1088K,  72% used [0x00000000e0990000, 0x00000000e0a55ee8, 0x00000000e0aa0000)
  to   space 1088K,   0% used [0x00000000e0880000, 0x00000000e0880000, 0x00000000e0990000)
 tenured generation   total 21888K, used 13392K [0x00000000eaaa0000, 0x00000000ec000000, 0x0000000100000000)
   the space 21888K,  61% used [0x00000000eaaa0000, 0x00000000eb7b41a0, 0x00000000eb7b4200, 0x00000000ec000000)
 Metaspace       used 10455K, committed 10624K, reserved 1114112K
  class space    used 1295K, committed 1408K, reserved 1048576K
}
Event: 2.913 GC heap after
{Heap after GC invocations=8 (full 0):
 def new generation   total 9792K, used 656K [0x00000000e0000000, 0x00000000e0aa0000, 0x00000000eaaa0000)
  eden space 8704K,   0% used [0x00000000e0000000, 0x00000000e0000000, 0x00000000e0880000)
  from space 1088K,  60% used [0x00000000e0880000, 0x00000000e0924350, 0x00000000e0990000)
  to   space 1088K,   0% used [0x00000000e0990000, 0x00000000e0990000, 0x00000000e0aa0000)
 tenured generation   total 21888K, used 14183K [0x00000000eaaa0000, 0x00000000ec000000, 0x0000000100000000)
   the space 21888K,  64% used [0x00000000eaaa0000, 0x00000000eb879c48, 0x00000000eb879e00, 0x00000000ec000000)
 Metaspace       used 10455K, committed 10624K, reserved 1114112K
  class space    used 1295K, committed 1408K, reserved 1048576K
}
Event: 3.476 GC heap before
{Heap before GC invocations=8 (full 0):
 def new generation   total 9792K, used 9360K [0x00000000e0000000, 0x00000000e0aa0000, 0x00000000eaaa0000)
  eden space 8704K, 100% used [0x00000000e0000000, 0x00000000e0880000, 0x00000000e0880000)
  from space 1088K,  60% used [0x00000000e0880000, 0x00000000e0924350, 0x00000000e0990000)
  to   space 1088K,   0% used [0x00000000e0990000, 0x00000000e0990000, 0x00000000e0aa0000)
 tenured generation   total 21888K, used 14183K [0x00000000eaaa0000, 0x00000000ec000000, 0x0000000100000000)
   the space 21888K,  64% used [0x00000000eaaa0000, 0x00000000eb879c48, 0x00000000eb879e00, 0x00000000ec000000)
 Metaspace       used 13878K, committed 14144K, reserved 1114112K
  class space    used 1748K, committed 1856K, reserved 1048576K
}
Event: 3.480 GC heap after
{Heap after GC invocations=9 (full 0):
 def new generation   total 9792K, used 1088K [0x00000000e0000000, 0x00000000e0aa0000, 0x00000000eaaa0000)
  eden space 8704K,   0% used [0x00000000e0000000, 0x00000000e0000000, 0x00000000e0880000)
  from space 1088K, 100% used [0x00000000e0990000, 0x00000000e0aa0000, 0x00000000e0aa0000)
  to   space 1088K,   0% used [0x00000000e0880000, 0x00000000e0880000, 0x00000000e0990000)
 tenured generation   total 21888K, used 15180K [0x00000000eaaa0000, 0x00000000ec000000, 0x0000000100000000)
   the space 21888K,  69% used [0x00000000eaaa0000, 0x00000000eb973298, 0x00000000eb973400, 0x00000000ec000000)
 Metaspace       used 13878K, committed 14144K, reserved 1114112K
  class space    used 1748K, committed 1856K, reserved 1048576K
}
Event: 4.123 GC heap before
{Heap before GC invocations=9 (full 0):
 def new generation   total 9792K, used 9792K [0x00000000e0000000, 0x00000000e0aa0000, 0x00000000eaaa0000)
  eden space 8704K, 100% used [0x00000000e0000000, 0x00000000e0880000, 0x00000000e0880000)
  from space 1088K, 100% used [0x00000000e0990000, 0x00000000e0aa0000, 0x00000000e0aa0000)
  to   space 1088K,   0% used [0x00000000e0880000, 0x00000000e0880000, 0x00000000e0990000)
 tenured generation   total 21888K, used 15180K [0x00000000eaaa0000, 0x00000000ec000000, 0x0000000100000000)
   the space 21888K,  69% used [0x00000000eaaa0000, 0x00000000eb973298, 0x00000000eb973400, 0x00000000ec000000)
 Metaspace       used 16040K, committed 16256K, reserved 1114112K
  class space    used 2091K, committed 2176K, reserved 1048576K
}
Event: 4.127 GC heap after
{Heap after GC invocations=10 (full 0):
 def new generation   total 9792K, used 1088K [0x00000000e0000000, 0x00000000e0aa0000, 0x00000000eaaa0000)
  eden space 8704K,   0% used [0x00000000e0000000, 0x00000000e0000000, 0x00000000e0880000)
  from space 1088K, 100% used [0x00000000e0880000, 0x00000000e0990000, 0x00000000e0990000)
  to   space 1088K,   0% used [0x00000000e0990000, 0x00000000e0990000, 0x00000000e0aa0000)
 tenured generation   total 21888K, used 16247K [0x00000000eaaa0000, 0x00000000ec000000, 0x0000000100000000)
   the space 21888K,  74% used [0x00000000eaaa0000, 0x00000000eba7dc98, 0x00000000eba7de00, 0x00000000ec000000)
 Metaspace       used 16040K, committed 16256K, reserved 1114112K
  class space    used 2091K, committed 2176K, reserved 1048576K
}
Event: 4.573 GC heap before
{Heap before GC invocations=10 (full 0):
 def new generation   total 9792K, used 9792K [0x00000000e0000000, 0x00000000e0aa0000, 0x00000000eaaa0000)
  eden space 8704K, 100% used [0x00000000e0000000, 0x00000000e0880000, 0x00000000e0880000)
  from space 1088K, 100% used [0x00000000e0880000, 0x00000000e0990000, 0x00000000e0990000)
  to   space 1088K,   0% used [0x00000000e0990000, 0x00000000e0990000, 0x00000000e0aa0000)
 tenured generation   total 21888K, used 16247K [0x00000000eaaa0000, 0x00000000ec000000, 0x0000000100000000)
   the space 21888K,  74% used [0x00000000eaaa0000, 0x00000000eba7dc98, 0x00000000eba7de00, 0x00000000ec000000)
 Metaspace       used 16666K, committed 16960K, reserved 1114112K
  class space    used 2173K, committed 2304K, reserved 1048576K
}
Event: 4.575 GC heap after
{Heap after GC invocations=11 (full 0):
 def new generation   total 9792K, used 164K [0x00000000e0000000, 0x00000000e0aa0000, 0x00000000eaaa0000)
  eden space 8704K,   0% used [0x00000000e0000000, 0x00000000e0000000, 0x00000000e0880000)
  from space 1088K,  15% used [0x00000000e0990000, 0x00000000e09b9008, 0x00000000e0aa0000)
  to   space 1088K,   0% used [0x00000000e0880000, 0x00000000e0880000, 0x00000000e0990000)
 tenured generation   total 21888K, used 16828K [0x00000000eaaa0000, 0x00000000ec000000, 0x0000000100000000)
   the space 21888K,  76% used [0x00000000eaaa0000, 0x00000000ebb0f368, 0x00000000ebb0f400, 0x00000000ec000000)
 Metaspace       used 16666K, committed 16960K, reserved 1114112K
  class space    used 2173K, committed 2304K, reserved 1048576K
}
Event: 5.487 GC heap before
{Heap before GC invocations=11 (full 0):
 def new generation   total 9792K, used 8868K [0x00000000e0000000, 0x00000000e0aa0000, 0x00000000eaaa0000)
  eden space 8704K, 100% used [0x00000000e0000000, 0x00000000e0880000, 0x00000000e0880000)
  from space 1088K,  15% used [0x00000000e0990000, 0x00000000e09b9008, 0x00000000e0aa0000)
  to   space 1088K,   0% used [0x00000000e0880000, 0x00000000e0880000, 0x00000000e0990000)
 tenured generation   total 21888K, used 16828K [0x00000000eaaa0000, 0x00000000ec000000, 0x0000000100000000)
   the space 21888K,  76% used [0x00000000eaaa0000, 0x00000000ebb0f368, 0x00000000ebb0f400, 0x00000000ec000000)
 Metaspace       used 18676K, committed 18944K, reserved 1114112K
  class space    used 2472K, committed 2624K, reserved 1048576K
}

